Started at Mon Jan 02 17:21:00 UTC 2023
Processing game-of-life
Offering game-of-life to Project Build Discarder
game-of-life accepted by Project Build Discarder
Processing gitclone
Offering gitclone to Project Build Discarder
gitclone accepted by Project Build Discarder
Processing stop-ec2-instance
Offering stop-ec2-instance to Project Build Discarder
stop-ec2-instance accepted by Project Build Discarder
Finished at Mon Jan 02 17:21:00 UTC 2023. 11ms
Started at Mon Jan 02 18:21:00 UTC 2023
Processing game-of-life
Offering game-of-life to Project Build Discarder
game-of-life accepted by Project Build Discarder
Processing gitclone
Offering gitclone to Project Build Discarder
gitclone accepted by Project Build Discarder
Processing stop-ec2-instance
Offering stop-ec2-instance to Project Build Discarder
stop-ec2-instance accepted by Project Build Discarder
Finished at Mon Jan 02 18:21:00 UTC 2023. 5ms
